SUMMARY OF C0NVERGENCE INFORMATION
  STEP   INC  ATT   ITER     CONT.   RESID.        CORR.      RESID.      CORR.
                              EL.    FORCE         DISP       FLUX        TEMP.
                              (#)     (%)           (%)        (%)         (%)
     1     1     1     1        0  0.3916E+04  0.1000E+03  0.0000E+00  0.0000E+00
     1     1     1     2        0  0.5358E+04  0.2492E+02  0.0000E+00  0.0000E+00
     1     1     1     3        0  0.9594E+03  0.2901E+02  0.0000E+00  0.0000E+00
     1     1     1     4        0  0.2264E+04  0.2443E+02  0.0000E+00  0.0000E+00
     1     1     1     5        0  0.1261E+04  0.2318E+02  0.0000E+00  0.0000E+00
     1     1     1     6        0  0.2718E+04  0.3429E+02  0.0000E+00  0.0000E+00
     1     1     1     7        0  0.1033E+04  0.2655E+02  0.0000E+00  0.0000E+00
     1     1     1     8        0  0.1909E+04  0.5026E+02  0.0000E+00  0.0000E+00
     1     1     1     9        0  0.4024E+03  0.1130E+02  0.0000E+00  0.0000E+00
     1     1     1    10        0  0.1845E+04  0.5632E+02  0.0000E+00  0.0000E+00
     1     1     1    11        0  0.8420E+02  0.2826E+01  0.0000E+00  0.0000E+00
     1     1     1    12        0  0.1159E+04  0.3653E+02  0.0000E+00  0.0000E+00
     1     1     1    13        0  0.2372E+02  0.3952E+01  0.0000E+00  0.0000E+00
     1     1     1    14        0  0.7322E+03  0.3336E+02  0.0000E+00  0.0000E+00
     1     1     1    15        0  0.2104E+02  0.2801E+01  0.0000E+00  0.0000E+00
     1     1     1    16        0  0.4727E+03  0.4349E+02  0.0000E+00  0.0000E+00
     1     1     2     1        0  0.1069E+04  0.1000E+03  0.0000E+00  0.0000E+00
     1     1     2     2        0  0.2661E+03  0.2718E+02  0.0000E+00  0.0000E+00
     1     1     2     3        0  0.1829E+04  0.5512E+02  0.0000E+00  0.0000E+00
     1     1     2     4        0  0.1677E+03  0.1008E+02  0.0000E+00  0.0000E+00
     1     1     2     5        0  0.8595E+03  0.1000E+03  0.0000E+00  0.0000E+00
     1     1     2     6        0  0.4076E+02  0.3640E+01  0.0000E+00  0.0000E+00
     1     1     2     7        0  0.9442E+02  0.1351E+02  0.0000E+00  0.0000E+00
     1     1     2     8        0  0.6475E+01  0.4720E+01  0.0000E+00  0.0000E+00
     1     1     2     9        0  0.5458E+02  0.1504E+02  0.0000E+00  0.0000E+00
     1     1     2    10        0  0.4073E+00  0.1296E+01  0.0000E+00  0.0000E+00
     1     2     1     1        0  0.1779E+04  0.1240E+02  0.0000E+00  0.0000E+00
     1     2     1     2        0  0.6689E+03  0.1881E+02  0.0000E+00  0.0000E+00
     1     2     1     3        0  0.1287E+03  0.6648E+01  0.0000E+00  0.0000E+00
     1     2     1     4        0  0.1674E+04  0.5242E+02  0.0000E+00  0.0000E+00
     1     2     1     5        0  0.1520E+03  0.3568E+01  0.0000E+00  0.0000E+00
     1     2     2     1        0  0.1019E+03  0.9322E+01  0.0000E+00  0.0000E+00
     1     2     2     2        0  0.1425E+06  0.1000E+03  0.0000E+00  0.0000E+00
     1     2     2     3        0  0.1735E+06  0.1189E+02  0.0000E+00  0.0000E+00
     1     2     2     4        0  0.5737E+05  0.2936E+02  0.0000E+00  0.0000E+00
     1     2     2     5        0  0.3924E+05  0.1012E+02  0.0000E+00  0.0000E+00
     1     2     2     6        0  0.8639E+04  0.2306E+02  0.0000E+00  0.0000E+00
     1     2     2     7        0  0.1029E+04  0.1376E+02  0.0000E+00  0.0000E+00
     1     2     2     8        0  0.2747E+03  0.2825E+02  0.0000E+00  0.0000E+00
     1     2     2     9        0  0.8513E+02  0.1509E+02  0.0000E+00  0.0000E+00
     1     2     2    10        0  0.7049E+02  0.1308E+02  0.0000E+00  0.0000E+00
     1     2     3     1        0  0.2314E+02  0.1007E+02  0.0000E+00  0.0000E+00
     1     2     3     2        0  0.1104E+04  0.1000E+03  0.0000E+00  0.0000E+00
     1     2     3     3        0  0.5358E+02  0.5023E+01  0.0000E+00  0.0000E+00
     1     2     3     4        0  0.1777E+03  0.1944E+02  0.0000E+00  0.0000E+00
     1     2     3     5        0  0.3399E+02  0.1196E+02  0.0000E+00  0.0000E+00
     1     2     3     6        0  0.5498E+02  0.1332E+02  0.0000E+00  0.0000E+00
     1     2     3     7        0  0.1602E+02  0.7763E+01  0.0000E+00  0.0000E+00
     1     2     3     8        0  0.3313E+02  0.1144E+02  0.0000E+00  0.0000E+00
     1     2     3     9        0  0.4192E+01  0.3906E+01  0.0000E+00  0.0000E+00
     1     2     3    10        0  0.2593E+02  0.7453E+01  0.0000E+00  0.0000E+00
     1     2     3    11        0  0.6937E+00  0.1124E+01  0.0000E+00  0.0000E+00
     1     3     1     1        0  0.8018E+01  0.3968E+01  0.0000E+00  0.0000E+00
     1     3     1     2        0  0.3187E+02  0.1873E+02  0.0000E+00  0.0000E+00
     1     3     1     3        0  0.5827E+00  0.2756E+01  0.0000E+00  0.0000E+00
     1     3     1     4        0  0.3687E+03  0.4887E+02  0.0000E+00  0.0000E+00
     1     3     1     5        0  0.1444E+01  0.3427E+01  0.0000E+00  0.0000E+00
     1     3     2     1        0  0.2461E+00  0.6207E+01  0.0000E+00  0.0000E+00
     1     3     2     2        0  0.3398E+03  0.1000E+03  0.0000E+00  0.0000E+00
     1     3     2     3        0  0.2151E+02  0.6928E+01  0.0000E+00  0.0000E+00
     1     3     2     4        0  0.1334E+02  0.2639E+02  0.0000E+00  0.0000E+00
     1     3     2     5        0  0.2577E+00  0.3423E+01  0.0000E+00  0.0000E+00
     1     4     1     1        0  0.2177E+01  0.9740E+01  0.0000E+00  0.0000E+00
     1     4     1     2        0  0.3909E+02  0.3819E+02  0.0000E+00  0.0000E+00
     1     4     1     3        0  0.7386E+00  0.4843E+01  0.0000E+00  0.0000E+00
     1     4     1     4        0  0.2777E+02  0.3483E+02  0.0000E+00  0.0000E+00
     1     4     1     5        0  0.1144E+00  0.2056E+01  0.0000E+00  0.0000E+00
     1     5     1     1        0  0.9508E-01  0.4178E+01  0.0000E+00  0.0000E+00
     1     5     1     2        0  0.1948E+02  0.7239E+02  0.0000E+00  0.0000E+00
     1     5     1     3        0  0.1537E+03  0.2303E+01  0.0000E+00  0.0000E+00
     1     5     1     4        0  0.1037E+01  0.1195E+02  0.0000E+00  0.0000E+00
     1     5     1     5        0  0.1853E-02  0.5521E+00  0.0000E+00  0.0000E+00
     1     6     1     1        0  0.4175E-01  0.2760E+01  0.0000E+00  0.0000E+00
     1     6     1     2        0  0.9499E+01  0.3924E+02  0.0000E+00  0.0000E+00
     1     6     1     3        0  0.2770E+00  0.3534E+01  0.0000E+00  0.0000E+00
     1     6     1     4        0  0.4430E-01  0.3290E+01  0.0000E+00  0.0000E+00
     1     7     1     1        0  0.1076E-01  0.1183E+01  0.0000E+00  0.0000E+00
     1     7     1     2        0  0.9396E-02  0.1318E+01  0.0000E+00  0.0000E+00
     1     7     1     3        0  0.0000E+00  0.1756E-01  0.0000E+00  0.0000E+00
     1     8     1     1        0  0.3211E-01  0.1188E+01  0.0000E+00  0.0000E+00
     1     8     1     2        0  0.2802E-01  0.1503E+01  0.0000E+00  0.0000E+00
     1     8     1     3        0  0.1702E-04  0.3985E-01  0.0000E+00  0.0000E+00
     1     9     1     1        0  0.1429E+00  0.1634E+01  0.0000E+00  0.0000E+00
     1     9     1     2        0  0.1115E+00  0.1946E+01  0.0000E+00  0.0000E+00
     1     9     1     3        0  0.4316E-03  0.1381E+00  0.0000E+00  0.0000E+00
     1    10     1     1        0  0.6493E+00  0.2476E+01  0.0000E+00  0.0000E+00
     1    10     1     2        0  0.3227E+00  0.2109E+01  0.0000E+00  0.0000E+00
     1    10     1     3        0  0.5276E+01  0.3883E+00  0.0000E+00  0.0000E+00
     1    10     1     4        0  0.3887E-03  0.5015E-01  0.0000E+00  0.0000E+00
     1    11     1     1        0  0.2965E+01  0.3750E+01  0.0000E+00  0.0000E+00
     1    11     1     2        0  0.6596E+00  0.1873E+01  0.0000E+00  0.0000E+00
     1    11     1     3        0  0.8732E-01  0.8698E+00  0.0000E+00  0.0000E+00
     1    12     1     1        0  0.1333E+02  0.5669E+01  0.0000E+00  0.0000E+00
     1    12     1     2        0  0.9464E+00  0.1281E+01  0.0000E+00  0.0000E+00
     1    12     1     3        0  0.7489E+00  0.1649E+01  0.0000E+00  0.0000E+00
     1    12     1     4        0  0.2778E-01  0.3821E+00  0.0000E+00  0.0000E+00
     1    13     1     1        0  0.5935E+02  0.8502E+01  0.0000E+00  0.0000E+00
     1    13     1     2        0  0.9649E+00  0.9159E+00  0.0000E+00  0.0000E+00
     1    13     1     3        0  0.2542E+01  0.2002E+01  0.0000E+00  0.0000E+00
     1    13     1     4        0  0.4067E-01  0.2863E+00  0.0000E+00  0.0000E+00
     1    14     1     1        0  0.2795E+00  0.5760E+01  0.0000E+00  0.0000E+00
     1    14     1     2        0  0.1069E+00  0.4416E+01  0.0000E+00  0.0000E+00
     1    14     1     3        0  0.4266E-03  0.3069E+00  0.0000E+00  0.0000E+00
